<?xml version="1.0" encoding="utf-8"?><testsuites name="pytest tests"><testsuite name="pytest" errors="0" failures="0" skipped="0" tests="22" time="4.747" timestamp="2026-04-09T20:09:01.640137+00:00" hostname="agent-env-82a73179-d28a-4ea4-8b16-a7bc97cde987"><testcase classname="tests.test_paradigm_api.TestEngineInfo" name="test_root_endpoint_returns_engine_info" time="0.183" /><testcase classname="tests.test_paradigm_api.TestEngineInfo" name="test_engines_endpoint_returns_26_engines" time="0.132" /><testcase classname="tests.test_paradigm_api.TestEngineInfo" name="test_domains_endpoint" time="0.134" /><testcase classname="tests.test_paradigm_api.TestEngineInfo" name="test_gene_types_endpoint" time="0.231" /><testcase classname="tests.test_paradigm_api.TestSeedsCRUD" name="test_list_seeds" time="0.116" /><testcase classname="tests.test_paradigm_api.TestSeedsCRUD" name="test_create_seed_and_verify_persistence" time="0.291" /><testcase classname="tests.test_paradigm_api.TestSeedsCRUD" name="test_get_nonexistent_seed_returns_404" time="0.140" /><testcase classname="tests.test_paradigm_api.TestSeedsCRUD" name="test_delete_seed" time="0.387" /><testcase classname="tests.test_paradigm_api.TestGSPL" name="test_gspl_parse_valid_code" time="0.123" /><testcase classname="tests.test_paradigm_api.TestGSPL" name="test_gspl_execute_creates_seed" time="0.135" /><testcase classname="tests.test_paradigm_api.TestComposition" name="test_composition_graph_returns_functor_graph" time="0.124" /><testcase classname="tests.test_paradigm_api.TestComposition" name="test_composition_path_character_to_music" time="0.144" /><testcase classname="tests.test_paradigm_api.TestComposition" name="test_compose_seed_to_new_domain" time="0.258" /><testcase classname="tests.test_paradigm_api.TestLibrary" name="test_library_returns_seeds" time="0.117" /><testcase classname="tests.test_paradigm_api.TestLibrary" name="test_library_import_seed" time="0.274" /><testcase classname="tests.test_paradigm_api.TestEvolution" name="test_mutate_seed" time="0.230" /><testcase classname="tests.test_paradigm_api.TestEvolution" name="test_evolve_seed" time="0.242" /><testcase classname="tests.test_paradigm_api.TestEvolution" name="test_breed_seeds" time="0.315" /><testcase classname="tests.test_paradigm_api.TestSovereignty" name="test_generate_keys" time="0.122" /><testcase classname="tests.test_paradigm_api.TestSovereignty" name="test_sign_and_verify_seed" time="0.467" /><testcase classname="tests.test_paradigm_api.TestGeneEditing" name="test_update_gene" time="0.245" /><testcase classname="tests.test_paradigm_api.TestGrowSeed" name="test_grow_seed_returns_artifact" time="0.257" /></testsuite></testsuites>